<?xml version="1.0" encoding="UTF-8"?>
<testsuite xmlns:xsi="http://www.w3.org/2001/XMLSchema-instance" xsi:noNamespaceSchemaLocation="https://maven.apache.org/surefire/maven-surefire-plugin/xsd/surefire-test-report.xsd" name="com.hmall.service.impl.HutoolTest" time="0.102" tests="2" errors="1" skipped="0" failures="0">
  <properties>
[...]
</properties>
  <testcase name="testUser" classname="com.hmall.service.impl.HutoolTest" time="0.024">
    <error type="java.lang.NullPointerException">java.lang.NullPointerException
	at com.hmall.service.impl.HutoolTest.testUser(HutoolTest.java:48)
</error>
  </testcase>
  <testcase name="name" classname="com.hmall.service.impl.HutoolTest" time="0.074"/>
</testsuite>